<?xml version="1.0" encoding="utf-8"?><testsuites name="pytest tests"><testsuite name="pytest" errors="0" failures="0" skipped="0" tests="11" time="4.513" timestamp="2026-09-23T16:34:05.588192+00:00" hostname="agent-env-e48df6b5-f1a5-492f-8ed2-d3434491969a"><testcase classname="tests.test_cookie_api" name="test_health" time="0.197" /><testcase classname="tests.test_cookie_api" name="test_auth_me_returns_demo_identity" time="0.149" /><testcase classname="tests.test_cookie_api" name="test_vault_setup_then_second_setup_conflicts" time="0.160" /><testcase classname="tests.test_cookie_api" name="test_memory_create_get_patch_and_delete" time="0.530" /><testcase classname="tests.test_cookie_api" name="test_private_memory_cannot_be_granted_to_agent" time="0.239" /><testcase classname="tests.test_cookie_api" name="test_agent_key_and_read_authorization" time="0.548" /><testcase classname="tests.test_cookie_api" name="test_disconnect_agent_revokes_permissions_and_blocks_key" time="0.557" /><testcase classname="tests.test_cookie_api" name="test_no_auth_denied_for_owner_memory_crud" time="0.148" /><testcase classname="tests.test_cookie_api" name="test_key_rotate_invalidates_old_key" time="0.547" /><testcase classname="tests.test_cookie_api" name="test_write_requires_write_key_and_category_permission" time="0.456" /><testcase classname="tests.test_cookie_api" name="test_cross_user_memory_access_is_denied" time="0.478" /></testsuite></testsuites>