<?xml version="1.0" encoding="utf-8"?><testsuites name="pytest tests"><testsuite name="pytest" errors="0" failures="0" skipped="0" tests="10" time="6.274" timestamp="2026-09-23T23:22:09.071607+00:00" hostname="agent-env-e48df6b5-f1a5-492f-8ed2-d3434491969a"><testcase classname="tests.test_studio_security" name="test_studio_owner_session_required_for_config_prepare_execute_and_runs" time="0.487" /><testcase classname="tests.test_studio_security" name="test_studio_api_key_not_accepted_for_owner_endpoints" time="0.485" /><testcase classname="tests.test_studio_security" name="test_prepare_returns_ciphertext_not_plaintext_and_consistent_task_digest" time="0.481" /><testcase classname="tests.test_studio_security" name="test_private_memory_rejected_by_prepare_even_with_category_permission" time="0.508" /><testcase classname="tests.test_studio_security" name="test_disconnected_agent_denied_in_prepare" time="0.584" /><testcase classname="tests.test_studio_security" name="test_cross_user_execute_with_foreign_token_denied" time="0.794" /><testcase classname="tests.test_studio_security" name="test_revoke_after_prepare_blocks_execute_before_dispatch" time="0.669" /><testcase classname="tests.test_studio_security" name="test_memory_edit_after_prepare_invalidates_execute" time="0.649" /><testcase classname="tests.test_studio_security" name="test_execute_rejects_changed_task_or_context_set" time="0.759" /><testcase classname="tests.test_studio_security" name="test_execute_rejects_approved_false_or_missing_and_sanitizes_422" time="0.329" /></testsuite></testsuites>